<?xml version="1.0" encoding="UTF-8"?>
<testng-results skipped="0" failed="0" total="1" passed="1">
  <reporter-output>
  </reporter-output>
  <suite name="Default suite" duration-ms="15274" started-at="2019-07-16T12:35:22Z" finished-at="2019-07-16T12:35:38Z">
    <groups>
      <group name="cucumber">
        <method signature="AbstractTestNGCucumberTests.runScenario(cucumber.api.testng.PickleEventWrapper, cucumber.api.testng.CucumberFeatureWrapper)[pri:0, instance:testRunner.RunCuke@cb644e]" name="runScenario" class="cucumber.api.testng.AbstractTestNGCucumberTests"/>
      </group> <!-- cucumber -->
    </groups>
    <test name="Default test" duration-ms="15274" started-at="2019-07-16T12:35:22Z" finished-at="2019-07-16T12:35:38Z">
      <class name="testRunner.RunCuke">
        <test-method status="PASS" signature="setUpClass()[pri:0, instance:testRunner.RunCuke@cb644e]" name="setUpClass" is-config="true" duration-ms="108" started-at="2019-07-16T13:35:22Z" finished-at="2019-07-16T13:35:22Z">
          <reporter-output>
          </reporter-output>
        </test-method> <!-- setUpClass -->
        <test-method status="PASS" signature="runScenario(cucumber.api.testng.PickleEventWrapper, cucumber.api.testng.CucumberFeatureWrapper)[pri:0, instance:testRunner.RunCuke@cb644e]" name="runScenario" duration-ms="15069" started-at="2019-07-16T13:35:22Z" description="Runs Cucumber Scenarios" data-provider="scenarios" finished-at="2019-07-16T13:35:38Z">
          <params>
            <param index="0">
              <value>
                <![CDATA["run test"]]>
              </value>
            </param>
            <param index="1">
              <value>
                <![CDATA["verify Addition"]]>
              </value>
            </param>
          </params>
          <reporter-output>
          </reporter-output>
        </test-method> <!-- runScenario -->
        <test-method status="PASS" signature="tearDownClass()[pri:0, instance:testRunner.RunCuke@cb644e]" name="tearDownClass" is-config="true" duration-ms="36" started-at="2019-07-16T13:35:38Z" finished-at="2019-07-16T13:35:38Z">
          <reporter-output>
          </reporter-output>
        </test-method> <!-- tearDownClass -->
      </class> <!-- testRunner.RunCuke -->
    </test> <!-- Default test -->
  </suite> <!-- Default suite -->
</testng-results>
